Command line:
   prbs_TB_isim_beh.exe
     -simmode  gui
     -simrunnum  0
     -socket  2996

Sun May 03 20:27:31 2020


 Elaboration Time: 0.28125 sec

 Current Memory Usage: 5970.32 Meg

 Total Signals          : 18
 Total Nets             : 17
 Total Signal Drivers   : 8
 Total Blocks           : 3
 Total Primitive Blocks : 2
 Total Processes        : 13
 Total Traceable Variables  : 21
 Total Scalar Nets and Variables : 103
Total Line Count : 33

 Total Simulation Time: 0.515625 sec

 Current Memory Usage: 5970.29 Meg

Sun May 03 20:28:13 2020

